2024-02-16 14:45:29,867 - INFO - Loading Lidar Json data for tile 40150
2024-02-16 14:45:29,867 - ERROR - Json directory does not exist for tile 40150
2024-02-16 14:45:29,867 - INFO - Loading Lidar Json data for tile 30145
2024-02-16 14:45:29,867 - ERROR - Json directory does not exist for tile 30145
2024-02-16 14:45:29,867 - INFO - Loading Lidar Json data for tile 40152
2024-02-16 14:45:46,019 - INFO - 40152, 58, 223, 0.2600896860986547
2024-02-16 14:45:46,019 - INFO - Loading Lidar Json data for tile 910117
2024-02-16 14:45:46,019 - ERROR - Json directory does not exist for tile 910117
2024-02-16 14:45:46,211 - INFO - Loading Lidar Json data for tile 40155
2024-02-16 14:45:58,298 - INFO - 40155, 397, 930, 0.4268817204301075
2024-02-16 14:45:58,298 - INFO - Loading Lidar Json data for tile 30147
2024-02-16 14:45:58,298 - ERROR - Json directory does not exist for tile 30147
2024-02-16 14:45:58,424 - INFO - Loading Lidar Json data for tile 40157
2024-02-16 14:46:06,967 - INFO - 40157, 12, 23, 0.5217391304347826
2024-02-16 14:46:06,967 - INFO - Loading Lidar Json data for tile 990145
2024-02-16 14:46:06,967 - ERROR - Json directory does not exist for tile 990145
2024-02-16 14:46:07,062 - INFO - Loading Lidar Json data for tile 40160
2024-02-16 14:46:07,062 - ERROR - Json directory does not exist for tile 40160
2024-02-16 14:46:07,062 - INFO - Loading Lidar Json data for tile 30150
2024-02-16 14:46:17,399 - INFO - 30150, 86, 209, 0.41148325358851673
2024-02-16 14:46:17,399 - INFO - Loading Lidar Json data for tile 40162
2024-02-16 14:46:17,399 - ERROR - Json directory does not exist for tile 40162
2024-02-16 14:46:17,497 - INFO - Loading Lidar Json data for tile 910120
2024-02-16 14:46:17,497 - ERROR - Json directory does not exist for tile 910120
2024-02-16 14:46:17,497 - INFO - Loading Lidar Json data for tile 40165
2024-02-16 14:46:17,497 - ERROR - Json directory does not exist for tile 40165
2024-02-16 14:46:17,497 - INFO - Loading Lidar Json data for tile 30152
2024-02-16 14:46:17,497 - ERROR - Json directory does not exist for tile 30152
2024-02-16 14:46:17,497 - INFO - Loading Lidar Json data for tile 40167
2024-02-16 14:46:17,497 - ERROR - Json directory does not exist for tile 40167
2024-02-16 14:46:17,497 - INFO - Loading Lidar Json data for tile 5137
2024-02-16 14:46:17,497 - ERROR - Json directory does not exist for tile 5137
2024-02-16 14:46:17,497 - INFO - Loading Lidar Json data for tile 40170
2024-02-16 14:46:17,497 - ERROR - Json directory does not exist for tile 40170
2024-02-16 14:46:17,497 - INFO - Loading Lidar Json data for tile 30155
2024-02-16 14:46:17,497 - ERROR - Json directory does not exist for tile 30155
2024-02-16 14:46:17,497 - INFO - Loading Lidar Json data for tile 40172
2024-02-16 14:46:17,497 - ERROR - Json directory does not exist for tile 40172
2024-02-16 14:46:17,497 - INFO - Loading Lidar Json data for tile 910122
2024-02-16 14:46:17,497 - ERROR - Json directory does not exist for tile 910122
2024-02-16 14:46:17,497 - INFO - Loading Lidar Json data for tile 40175
2024-02-16 14:46:17,497 - ERROR - Json directory does not exist for tile 40175
2024-02-16 14:46:17,497 - INFO - Loading Lidar Json data for tile 30157
2024-02-16 14:46:17,497 - ERROR - Json directory does not exist for tile 30157
2024-02-16 14:46:17,497 - INFO - Loading Lidar Json data for tile 40177
2024-02-16 14:46:17,498 - ERROR - Json directory does not exist for tile 40177
2024-02-16 14:46:17,498 - INFO - Loading Lidar Json data for tile 990147
2024-02-16 14:46:31,683 - INFO - 990147, 133, 177, 0.751412429378531
2024-02-16 14:46:31,684 - INFO - Loading Lidar Json data for tile 40180
2024-02-16 14:46:41,238 - INFO - 40180, 32, 52, 0.6153846153846154
2024-02-16 14:46:41,239 - INFO - Loading Lidar Json data for tile 30160
2024-02-16 14:46:41,239 - ERROR - Json directory does not exist for tile 30160
2024-02-16 14:46:41,373 - INFO - Loading Lidar Json data for tile 40182
2024-02-16 14:46:58,467 - INFO - 40182, 604, 822, 0.7347931873479319
2024-02-16 14:46:58,468 - INFO - Loading Lidar Json data for tile 910125
2024-02-16 14:46:58,468 - ERROR - Json directory does not exist for tile 910125
2024-02-16 14:46:58,688 - INFO - Loading Lidar Json data for tile 40185
2024-02-16 14:47:17,054 - INFO - 40185, 527, 677, 0.7784342688330872
2024-02-16 14:47:17,054 - INFO - Loading Lidar Json data for tile 30162
2024-02-16 14:47:24,614 - INFO - 30162, 0, 0, 0
2024-02-16 14:47:24,615 - INFO - Loading Lidar Json data for tile 40187
2024-02-16 14:47:39,870 - INFO - 40187, 612, 878, 0.6970387243735763
2024-02-16 14:47:39,870 - INFO - Loading Lidar Json data for tile 32200
2024-02-16 14:48:04,525 - INFO - 32200, 576, 733, 0.7858117326057299
2024-02-16 14:48:04,525 - INFO - Loading Lidar Json data for tile 40190
2024-02-16 14:48:17,694 - INFO - 40190, 587, 836, 0.7021531100478469
2024-02-16 14:48:17,694 - INFO - Loading Lidar Json data for tile 30165
2024-02-16 14:48:27,434 - INFO - 30165, 55, 70, 0.7857142857142857
2024-02-16 14:48:27,434 - INFO - Loading Lidar Json data for tile 40192
2024-02-16 14:48:39,190 - INFO - 40192, 295, 426, 0.6924882629107981
2024-02-16 14:48:39,190 - INFO - Loading Lidar Json data for tile 912117
2024-02-16 14:48:39,190 - ERROR - Json directory does not exist for tile 912117
2024-02-16 14:48:39,372 - INFO - Loading Lidar Json data for tile 40197
2024-02-16 14:48:39,372 - ERROR - Json directory does not exist for tile 40197
2024-02-16 14:48:39,372 - INFO - Loading Lidar Json data for tile 30167
2024-02-16 14:49:00,522 - INFO - 30167, 90, 112, 0.8035714285714286
2024-02-16 14:49:00,522 - INFO - Loading Lidar Json data for tile 40202
2024-02-16 14:49:11,058 - INFO - 40202, 389, 614, 0.6335504885993485
2024-02-16 14:49:11,058 - INFO - Loading Lidar Json data for tile 990150
2024-02-16 14:49:22,418 - INFO - 990150, 204, 266, 0.7669172932330827
2024-02-16 14:49:22,418 - INFO - Loading Lidar Json data for tile 40205
2024-02-16 14:49:35,879 - INFO - 40205, 758, 1079, 0.7025023169601483
2024-02-16 14:49:35,879 - INFO - Loading Lidar Json data for tile 30170
2024-02-16 14:50:24,836 - INFO - 30170, 33, 64, 0.515625
2024-02-16 14:50:24,836 - INFO - Loading Lidar Json data for tile 40207
2024-02-16 14:50:43,734 - INFO - 40207, 482, 703, 0.6856330014224751
2024-02-16 14:50:43,735 - INFO - Loading Lidar Json data for tile 912120
2024-02-16 14:50:56,296 - INFO - 912120, 65, 104, 0.625
2024-02-16 14:50:56,296 - INFO - Loading Lidar Json data for tile 40210
2024-02-16 14:51:15,458 - INFO - 40210, 569, 819, 0.6947496947496947
2024-02-16 14:51:15,459 - INFO - Loading Lidar Json data for tile 30172
2024-02-16 14:51:15,459 - ERROR - Json directory does not exist for tile 30172
2024-02-16 14:51:15,884 - INFO - Loading Lidar Json data for tile 40212
2024-02-16 14:51:31,091 - INFO - 40212, 547, 737, 0.7421981004070556
2024-02-16 14:51:31,091 - INFO - Loading Lidar Json data for tile 5140
2024-02-16 14:51:37,069 - INFO - 5140, 0, 0, 0
2024-02-16 14:51:37,069 - INFO - Loading Lidar Json data for tile 40215
2024-02-16 14:51:51,602 - INFO - 40215, 563, 739, 0.7618403247631935
2024-02-16 14:51:51,602 - INFO - Loading Lidar Json data for tile 30175
2024-02-16 14:52:01,484 - INFO - 30175, 112, 176, 0.6363636363636364
2024-02-16 14:52:01,484 - INFO - Loading Lidar Json data for tile 40217
2024-02-16 14:52:16,140 - INFO - 40217, 666, 1061, 0.6277097078228087
2024-02-16 14:52:16,140 - INFO - Loading Lidar Json data for tile 912122
2024-02-16 14:52:31,790 - INFO - 912122, 519, 832, 0.6237980769230769
2024-02-16 14:52:31,791 - INFO - Loading Lidar Json data for tile 40220
2024-02-16 14:52:41,790 - INFO - 40220, 555, 849, 0.6537102473498233
2024-02-16 14:52:41,791 - INFO - Loading Lidar Json data for tile 30177
2024-02-16 14:52:53,651 - INFO - 30177, 152, 266, 0.5714285714285714
2024-02-16 14:52:53,651 - INFO - Loading Lidar Json data for tile 40222
2024-02-16 14:52:53,651 - ERROR - Json directory does not exist for tile 40222
2024-02-16 14:52:53,840 - INFO - Loading Lidar Json data for tile 990152
2024-02-16 14:53:03,896 - INFO - 990152, 173, 204, 0.8480392156862745
2024-02-16 14:53:03,896 - INFO - Loading Lidar Json data for tile 40235
2024-02-16 14:54:26,810 - INFO - 40235, 0, 0, 0
2024-02-16 14:54:26,811 - INFO - Loading Lidar Json data for tile 30180
2024-02-16 14:54:37,415 - INFO - 30180, 178, 319, 0.5579937304075235
2024-02-16 14:54:37,415 - INFO - Loading Lidar Json data for tile 40237
2024-02-16 14:54:37,415 - ERROR - Json directory does not exist for tile 40237
2024-02-16 14:54:37,598 - INFO - Loading Lidar Json data for tile 912125
2024-02-16 14:54:44,558 - INFO - 912125, 147, 175, 0.84
2024-02-16 14:54:44,558 - INFO - Loading Lidar Json data for tile 40240
2024-02-16 14:54:44,558 - ERROR - Json directory does not exist for tile 40240
2024-02-16 14:54:44,686 - INFO - Loading Lidar Json data for tile 30182
2024-02-16 14:54:54,372 - INFO - 30182, 56, 162, 0.345679012345679
2024-02-16 14:54:54,372 - INFO - Loading Lidar Json data for tile 40242
2024-02-16 14:54:54,373 - ERROR - Json directory does not exist for tile 40242
2024-02-16 14:54:54,519 - INFO - Loading Lidar Json data for tile 40245
2024-02-16 14:54:54,519 - ERROR - Json directory does not exist for tile 40245
2024-02-16 14:54:54,519 - INFO - Loading Lidar Json data for tile 30185
2024-02-16 14:55:04,190 - INFO - 30185, 292, 419, 0.6968973747016707
2024-02-16 14:55:04,190 - INFO - Loading Lidar Json data for tile 40247
2024-02-16 14:55:28,596 - INFO - 40247, 41, 48, 0.8541666666666666
2024-02-16 14:55:28,597 - INFO - Loading Lidar Json data for tile 912127
2024-02-16 14:55:28,597 - ERROR - Json directory does not exist for tile 912127
2024-02-16 14:55:29,109 - INFO - Loading Lidar Json data for tile 40250
2024-02-16 14:55:40,854 - INFO - 40250, 112, 149, 0.7516778523489933
2024-02-16 14:55:40,854 - INFO - Loading Lidar Json data for tile 30187
2024-02-16 14:55:50,627 - INFO - 30187, 419, 600, 0.6983333333333334
2024-02-16 14:55:50,627 - INFO - Loading Lidar Json data for tile 40252
2024-02-16 14:56:05,472 - INFO - 40252, 0, 0, 0
2024-02-16 14:56:05,472 - INFO - Loading Lidar Json data for tile 990155
2024-02-16 14:56:17,664 - INFO - 990155, 427, 576, 0.7413194444444444
2024-02-16 14:56:17,665 - INFO - Loading Lidar Json data for tile 40255
2024-02-16 14:56:32,887 - INFO - 40255, 0, 0, 0
2024-02-16 14:56:32,887 - INFO - Loading Lidar Json data for tile 30190
2024-02-16 14:56:43,546 - INFO - 30190, 532, 706, 0.7535410764872521
2024-02-16 14:56:43,546 - INFO - Loading Lidar Json data for tile 40257
2024-02-16 14:57:13,015 - INFO - 40257, 0, 0, 0
2024-02-16 14:57:13,016 - INFO - Loading Lidar Json data for tile 912130
2024-02-16 14:57:13,016 - ERROR - Json directory does not exist for tile 912130
2024-02-16 14:57:13,677 - INFO - Loading Lidar Json data for tile 40260
2024-02-16 14:57:30,619 - INFO - 40260, 0, 0, 0
2024-02-16 14:57:30,619 - INFO - Loading Lidar Json data for tile 30192
2024-02-16 14:57:42,952 - INFO - 30192, 521, 785, 0.6636942675159235
2024-02-16 14:57:42,953 - INFO - Loading Lidar Json data for tile 42150
2024-02-16 14:57:42,953 - ERROR - Json directory does not exist for tile 42150
2024-02-16 14:57:43,138 - INFO - Loading Lidar Json data for tile 5142
2024-02-16 14:57:48,709 - INFO - 5142, 0, 0, 0
2024-02-16 14:57:48,709 - INFO - Loading Lidar Json data for tile 42152
2024-02-16 14:57:55,336 - INFO - 42152, 65, 88, 0.7386363636363636
2024-02-16 14:57:55,336 - INFO - Loading Lidar Json data for tile 30195
2024-02-16 14:58:15,754 - INFO - 30195, 709, 923, 0.7681473456121344
2024-02-16 14:58:15,755 - INFO - Loading Lidar Json data for tile 42155
2024-02-16 14:58:25,687 - INFO - 42155, 214, 309, 0.6925566343042071
2024-02-16 14:58:25,687 - INFO - Loading Lidar Json data for tile 912132
2024-02-16 14:58:25,687 - ERROR - Json directory does not exist for tile 912132
2024-02-16 14:58:25,864 - INFO - Loading Lidar Json data for tile 42157
2024-02-16 14:58:39,516 - INFO - 42157, 0, 0, 0
2024-02-16 14:58:39,516 - INFO - Loading Lidar Json data for tile 30197
2024-02-16 14:59:00,266 - INFO - 30197, 672, 858, 0.7832167832167832
2024-02-16 14:59:00,266 - INFO - Loading Lidar Json data for tile 42160
2024-02-16 14:59:00,267 - ERROR - Json directory does not exist for tile 42160
2024-02-16 14:59:00,593 - INFO - Loading Lidar Json data for tile 990157
2024-02-16 14:59:12,774 - INFO - 990157, 546, 742, 0.7358490566037735
2024-02-16 14:59:12,775 - INFO - Loading Lidar Json data for tile 42162
2024-02-16 14:59:12,775 - ERROR - Json directory does not exist for tile 42162
2024-02-16 14:59:12,995 - INFO - Loading Lidar Json data for tile 30200
2024-02-16 14:59:38,427 - INFO - 30200, 136, 183, 0.7431693989071039
2024-02-16 14:59:38,427 - INFO - Loading Lidar Json data for tile 42165
2024-02-16 14:59:38,427 - ERROR - Json directory does not exist for tile 42165
2024-02-16 14:59:38,843 - INFO - Loading Lidar Json data for tile 912135
2024-02-16 14:59:38,843 - ERROR - Json directory does not exist for tile 912135
2024-02-16 14:59:38,843 - INFO - Loading Lidar Json data for tile 42167
2024-02-16 14:59:38,843 - ERROR - Json directory does not exist for tile 42167
2024-02-16 14:59:38,843 - INFO - Loading Lidar Json data for tile 30202
2024-02-16 14:59:57,107 - INFO - 30202, 275, 357, 0.7703081232492998
2024-02-16 14:59:57,107 - INFO - Loading Lidar Json data for tile 42170
2024-02-16 14:59:57,107 - ERROR - Json directory does not exist for tile 42170
2024-02-16 14:59:57,371 - INFO - Loading Lidar Json data for tile 32202
2024-02-16 15:00:12,757 - INFO - 32202, 724, 1090, 0.6642201834862386
2024-02-16 15:00:12,758 - INFO - Loading Lidar Json data for tile 42172
2024-02-16 15:00:19,443 - INFO - 42172, 0, 0, 0
2024-02-16 15:00:19,444 - INFO - Loading Lidar Json data for tile 30205
2024-02-16 15:00:30,142 - INFO - 30205, 115, 161, 0.7142857142857143
2024-02-16 15:00:30,142 - INFO - Loading Lidar Json data for tile 42175
2024-02-16 15:00:34,876 - INFO - 42175, 0, 0, 0
2024-02-16 15:00:34,876 - INFO - Loading Lidar Json data for tile 912137
2024-02-16 15:00:34,877 - ERROR - Json directory does not exist for tile 912137
2024-02-16 15:00:34,897 - INFO - Loading Lidar Json data for tile 42177
2024-02-16 15:00:34,897 - ERROR - Json directory does not exist for tile 42177
2024-02-16 15:00:34,897 - INFO - Loading Lidar Json data for tile 30207
2024-02-16 15:00:50,865 - INFO - 30207, 279, 397, 0.7027707808564232
2024-02-16 15:00:50,865 - INFO - Loading Lidar Json data for tile 42180
2024-02-16 15:00:58,042 - INFO - 42180, 52, 82, 0.6341463414634146
2024-02-16 15:00:58,043 - INFO - Loading Lidar Json data for tile 990160
2024-02-16 15:01:10,450 - INFO - 990160, 515, 766, 0.6723237597911227
2024-02-16 15:01:10,450 - INFO - Loading Lidar Json data for tile 42182
2024-02-16 15:01:20,560 - INFO - 42182, 322, 495, 0.6505050505050505
2024-02-16 15:01:20,560 - INFO - Loading Lidar Json data for tile 30210
2024-02-16 15:01:33,601 - INFO - 30210, 408, 566, 0.7208480565371025
2024-02-16 15:01:33,601 - INFO - Loading Lidar Json data for tile 42185
2024-02-16 15:01:49,079 - INFO - 42185, 505, 679, 0.7437407952871871
2024-02-16 15:01:49,080 - INFO - Loading Lidar Json data for tile 915117
2024-02-16 15:01:49,080 - ERROR - Json directory does not exist for tile 915117
2024-02-16 15:01:49,366 - INFO - Loading Lidar Json data for tile 42187
2024-02-16 15:02:07,819 - INFO - 42187, 515, 685, 0.7518248175182481
2024-02-16 15:02:07,819 - INFO - Loading Lidar Json data for tile 30212
2024-02-16 15:02:22,103 - INFO - 30212, 383, 510, 0.7509803921568627
2024-02-16 15:02:22,103 - INFO - Loading Lidar Json data for tile 42190
2024-02-16 15:02:33,356 - INFO - 42190, 461, 673, 0.6849925705794948
2024-02-16 15:02:33,356 - INFO - Loading Lidar Json data for tile 5145
2024-02-16 15:02:33,356 - ERROR - Json directory does not exist for tile 5145
2024-02-16 15:02:33,614 - INFO - Loading Lidar Json data for tile 42192
2024-02-16 15:02:51,955 - INFO - 42192, 402, 551, 0.7295825771324864
2024-02-16 15:02:51,955 - INFO - Loading Lidar Json data for tile 30215
2024-02-16 15:03:02,498 - INFO - 30215, 381, 532, 0.7161654135338346
2024-02-16 15:03:02,498 - INFO - Loading Lidar Json data for tile 42195
2024-02-16 15:03:14,375 - INFO - 42195, 297, 381, 0.7795275590551181
2024-02-16 15:03:14,375 - INFO - Loading Lidar Json data for tile 915120
2024-02-16 15:03:28,039 - INFO - 915120, 133, 775, 0.17161290322580644
2024-02-16 15:03:28,040 - INFO - Loading Lidar Json data for tile 42197
2024-02-16 15:03:40,781 - INFO - 42197, 531, 788, 0.6738578680203046
2024-02-16 15:03:40,782 - INFO - Loading Lidar Json data for tile 30217
2024-02-16 15:03:52,395 - INFO - 30217, 402, 555, 0.7243243243243244
2024-02-16 15:03:52,395 - INFO - Loading Lidar Json data for tile 42200
2024-02-16 15:04:16,378 - INFO - 42200, 575, 768, 0.7486979166666666
2024-02-16 15:04:16,379 - INFO - Loading Lidar Json data for tile 990162
2024-02-16 15:04:25,282 - INFO - 990162, 419, 595, 0.704201680672269
2024-02-16 15:04:25,282 - INFO - Loading Lidar Json data for tile 42202
2024-02-16 15:04:43,566 - INFO - 42202, 635, 822, 0.7725060827250608
2024-02-16 15:04:43,566 - INFO - Loading Lidar Json data for tile 30220
2024-02-16 15:04:56,217 - INFO - 30220, 302, 389, 0.7763496143958869
2024-02-16 15:04:56,218 - INFO - Loading Lidar Json data for tile 42205
2024-02-16 15:05:11,791 - INFO - 42205, 425, 532, 0.7988721804511278
2024-02-16 15:05:11,792 - INFO - Loading Lidar Json data for tile 915122
2024-02-16 15:05:26,441 - INFO - 915122, 767, 1364, 0.5623167155425219
2024-02-16 15:05:26,442 - INFO - Loading Lidar Json data for tile 42207
2024-02-16 15:05:44,545 - INFO - 42207, 391, 528, 0.740530303030303
2024-02-16 15:05:44,545 - INFO - Loading Lidar Json data for tile 30222
2024-02-16 15:05:58,422 - INFO - 30222, 79, 118, 0.6694915254237288
2024-02-16 15:05:58,423 - INFO - Loading Lidar Json data for tile 42210
2024-02-16 15:06:11,335 - INFO - 42210, 720, 1116, 0.6451612903225806
2024-02-16 15:06:11,335 - INFO - Loading Lidar Json data for tile 42212
2024-02-16 15:06:26,969 - INFO - 42212, 717, 961, 0.7460978147762747
2024-02-16 15:06:26,969 - INFO - Loading Lidar Json data for tile 30225
2024-02-16 15:06:38,111 - INFO - 30225, 460, 699, 0.6580829756795422
2024-02-16 15:06:38,112 - INFO - Loading Lidar Json data for tile 42215
2024-02-16 15:06:55,290 - INFO - 42215, 688, 896, 0.7678571428571429
2024-02-16 15:06:55,290 - INFO - Loading Lidar Json data for tile 915125
2024-02-16 15:07:09,946 - INFO - 915125, 404, 580, 0.696551724137931
2024-02-16 15:07:09,946 - INFO - Loading Lidar Json data for tile 42217
2024-02-16 15:07:24,273 - INFO - 42217, 621, 858, 0.7237762237762237
2024-02-16 15:07:24,273 - INFO - Loading Lidar Json data for tile 30227
2024-02-16 15:07:59,863 - INFO - 30227, 97, 257, 0.377431906614786
2024-02-16 15:07:59,865 - INFO - Loading Lidar Json data for tile 42220
2024-02-16 15:08:14,779 - INFO - 42220, 595, 830, 0.7168674698795181
2024-02-16 15:08:14,780 - INFO - Loading Lidar Json data for tile 990165
2024-02-16 15:08:24,323 - INFO - 990165, 432, 652, 0.6625766871165644
2024-02-16 15:08:24,323 - INFO - Loading Lidar Json data for tile 42222
2024-02-16 15:08:42,636 - INFO - 42222, 206, 247, 0.8340080971659919
2024-02-16 15:08:42,636 - INFO - Loading Lidar Json data for tile 30230
2024-02-16 15:08:42,636 - ERROR - Json directory does not exist for tile 30230
2024-02-16 15:08:42,958 - INFO - Loading Lidar Json data for tile 42225
2024-02-16 15:09:00,092 - INFO - 42225, 221, 258, 0.8565891472868217
2024-02-16 15:09:00,092 - INFO - Loading Lidar Json data for tile 915127
2024-02-16 15:09:13,138 - INFO - 915127, 40, 56, 0.7142857142857143
2024-02-16 15:09:13,138 - INFO - Loading Lidar Json data for tile 42227
2024-02-16 15:09:19,375 - INFO - 42227, 0, 0, 0
2024-02-16 15:09:19,375 - INFO - Loading Lidar Json data for tile 30232
2024-02-16 15:09:28,955 - INFO - 30232, 0, 0, 0
2024-02-16 15:09:28,955 - INFO - Loading Lidar Json data for tile 42230
2024-02-16 15:09:28,956 - ERROR - Json directory does not exist for tile 42230
2024-02-16 15:09:29,060 - INFO - Loading Lidar Json data for tile 5147
2024-02-16 15:09:29,061 - ERROR - Json directory does not exist for tile 5147
2024-02-16 15:09:29,061 - INFO - Loading Lidar Json data for tile 42232
2024-02-16 15:09:29,061 - ERROR - Json directory does not exist for tile 42232
2024-02-16 15:09:29,061 - INFO - Loading Lidar Json data for tile 30235
2024-02-16 15:09:35,285 - INFO - 30235, 81, 118, 0.6864406779661016
2024-02-16 15:09:35,286 - INFO - Loading Lidar Json data for tile 42235
2024-02-16 15:09:35,286 - ERROR - Json directory does not exist for tile 42235
2024-02-16 15:09:35,338 - INFO - Loading Lidar Json data for tile 915130
2024-02-16 15:09:35,338 - ERROR - Json directory does not exist for tile 915130
2024-02-16 15:09:35,338 - INFO - Loading Lidar Json data for tile 42237
2024-02-16 15:09:35,339 - ERROR - Json directory does not exist for tile 42237
2024-02-16 15:09:35,339 - INFO - Loading Lidar Json data for tile 30237
2024-02-16 15:09:47,407 - INFO - 30237, 125, 165, 0.7575757575757576
2024-02-16 15:09:47,407 - INFO - Loading Lidar Json data for tile 42240
2024-02-16 15:09:47,407 - ERROR - Json directory does not exist for tile 42240
2024-02-16 15:09:47,534 - INFO - Loading Lidar Json data for tile 990167
2024-02-16 15:10:06,019 - INFO - 990167, 612, 922, 0.6637744034707158
2024-02-16 15:10:06,019 - INFO - Loading Lidar Json data for tile 42242
2024-02-16 15:10:12,592 - INFO - 42242, 20, 25, 0.8
2024-02-16 15:10:12,592 - INFO - Loading Lidar Json data for tile 30240
2024-02-16 15:10:25,724 - INFO - 30240, 355, 444, 0.7995495495495496
2024-02-16 15:10:25,725 - INFO - Loading Lidar Json data for tile 42245
2024-02-16 15:10:37,566 - INFO - 42245, 305, 382, 0.7984293193717278
2024-02-16 15:10:37,566 - INFO - Loading Lidar Json data for tile 915132
2024-02-16 15:11:01,575 - INFO - 915132, 12, 14, 0.8571428571428571
2024-02-16 15:11:01,576 - INFO - Loading Lidar Json data for tile 42247
2024-02-16 15:11:14,221 - INFO - 42247, 312, 414, 0.7536231884057971
2024-02-16 15:11:14,222 - INFO - Loading Lidar Json data for tile 30242
2024-02-16 15:11:23,474 - INFO - 30242, 355, 467, 0.7601713062098501
2024-02-16 15:11:23,474 - INFO - Loading Lidar Json data for tile 42250
2024-02-16 15:11:28,579 - INFO - 42250, 42, 60, 0.7
2024-02-16 15:11:28,579 - INFO - Loading Lidar Json data for tile 32205
2024-02-16 15:11:41,570 - INFO - 32205, 636, 854, 0.7447306791569087
2024-02-16 15:11:41,571 - INFO - Loading Lidar Json data for tile 42252
2024-02-16 15:11:47,197 - INFO - 42252, 0, 0, 0
2024-02-16 15:11:47,197 - INFO - Loading Lidar Json data for tile 30245
2024-02-16 15:12:00,529 - INFO - 30245, 553, 730, 0.7575342465753425
2024-02-16 15:12:00,529 - INFO - Loading Lidar Json data for tile 42255
2024-02-16 15:12:11,170 - INFO - 42255, 0, 0, 0
2024-02-16 15:12:11,170 - INFO - Loading Lidar Json data for tile 915135
2024-02-16 15:12:28,527 - INFO - 915135, 7, 13, 0.5384615384615384
2024-02-16 15:12:28,527 - INFO - Loading Lidar Json data for tile 42257
2024-02-16 15:12:46,418 - INFO - 42257, 0, 0, 0
2024-02-16 15:12:46,419 - INFO - Loading Lidar Json data for tile 30247
2024-02-16 15:12:58,477 - INFO - 30247, 361, 548, 0.6587591240875912
2024-02-16 15:12:58,477 - INFO - Loading Lidar Json data for tile 42260
2024-02-16 15:12:58,478 - ERROR - Json directory does not exist for tile 42260
2024-02-16 15:12:58,743 - INFO - Loading Lidar Json data for tile 990170
2024-02-16 15:13:13,752 - INFO - 990170, 650, 960, 0.6770833333333334
2024-02-16 15:13:13,752 - INFO - Loading Lidar Json data for tile 45150
2024-02-16 15:13:13,752 - ERROR - Json directory does not exist for tile 45150
2024-02-16 15:13:13,962 - INFO - Loading Lidar Json data for tile 30250
2024-02-16 15:13:36,612 - INFO - 30250, 233, 264, 0.8825757575757576
2024-02-16 15:13:36,612 - INFO - Loading Lidar Json data for tile 45152
2024-02-16 15:13:36,612 - ERROR - Json directory does not exist for tile 45152
2024-02-16 15:13:36,954 - INFO - Loading Lidar Json data for tile 915137
2024-02-16 15:13:55,500 - INFO - 915137, 0, 0, 0
2024-02-16 15:13:55,500 - INFO - Loading Lidar Json data for tile 45155
2024-02-16 15:14:03,554 - INFO - 45155, 166, 334, 0.49700598802395207
2024-02-16 15:14:03,554 - INFO - Loading Lidar Json data for tile 30252
2024-02-16 15:14:14,003 - INFO - 30252, 252, 335, 0.7522388059701492
2024-02-16 15:14:14,003 - INFO - Loading Lidar Json data for tile 45157
2024-02-16 15:14:19,132 - INFO - 45157, 3, 3, 1.0
2024-02-16 15:14:19,132 - INFO - Loading Lidar Json data for tile 5150
2024-02-16 15:14:29,603 - INFO - 5150, 0, 0, 0
2024-02-16 15:14:29,604 - INFO - Loading Lidar Json data for tile 45160
2024-02-16 15:14:29,604 - ERROR - Json directory does not exist for tile 45160
2024-02-16 15:14:29,746 - INFO - Loading Lidar Json data for tile 30255
2024-02-16 15:14:45,539 - INFO - 30255, 278, 364, 0.7637362637362637
2024-02-16 15:14:45,539 - INFO - Loading Lidar Json data for tile 45162
2024-02-16 15:14:45,539 - ERROR - Json directory does not exist for tile 45162
2024-02-16 15:14:45,721 - INFO - Loading Lidar Json data for tile 915140
2024-02-16 15:14:45,722 - ERROR - Json directory does not exist for tile 915140
2024-02-16 15:14:45,722 - INFO - Loading Lidar Json data for tile 45165
2024-02-16 15:14:45,722 - ERROR - Json directory does not exist for tile 45165
2024-02-16 15:14:45,722 - INFO - Loading Lidar Json data for tile 30257
2024-02-16 15:15:06,194 - INFO - 30257, 282, 404, 0.698019801980198
2024-02-16 15:15:06,194 - INFO - Loading Lidar Json data for tile 45167
2024-02-16 15:15:06,195 - ERROR - Json directory does not exist for tile 45167
2024-02-16 15:15:06,473 - INFO - Loading Lidar Json data for tile 990172
2024-02-16 15:15:21,767 - INFO - 990172, 657, 998, 0.6583166332665331
2024-02-16 15:15:21,767 - INFO - Loading Lidar Json data for tile 45170
2024-02-16 15:15:21,767 - ERROR - Json directory does not exist for tile 45170
2024-02-16 15:15:21,993 - INFO - Loading Lidar Json data for tile 30260
2024-02-16 15:15:39,821 - INFO - 30260, 193, 267, 0.7228464419475655
2024-02-16 15:15:39,821 - INFO - Loading Lidar Json data for tile 45172
2024-02-16 15:15:46,252 - INFO - 45172, 0, 0, 0
2024-02-16 15:15:46,252 - INFO - Loading Lidar Json data for tile 917117
2024-02-16 15:15:46,252 - ERROR - Json directory does not exist for tile 917117
2024-02-16 15:15:46,310 - INFO - Loading Lidar Json data for tile 45175
2024-02-16 15:15:46,310 - ERROR - Json directory does not exist for tile 45175
2024-02-16 15:15:46,310 - INFO - Loading Lidar Json data for tile 30262
2024-02-16 15:15:59,891 - INFO - 30262, 170, 204, 0.8333333333333334
2024-02-16 15:15:59,891 - INFO - Loading Lidar Json data for tile 45177
2024-02-16 15:15:59,891 - ERROR - Json directory does not exist for tile 45177
2024-02-16 15:16:00,099 - INFO - Loading Lidar Json data for tile 45180
2024-02-16 15:16:13,680 - INFO - 45180, 416, 675, 0.6162962962962963
2024-02-16 15:16:13,681 - INFO - Loading Lidar Json data for tile 30265
2024-02-16 15:16:13,681 - ERROR - Json directory does not exist for tile 30265
2024-02-16 15:16:13,838 - INFO - Loading Lidar Json data for tile 45182
2024-02-16 15:16:31,034 - INFO - 45182, 409, 539, 0.7588126159554731
2024-02-16 15:16:31,035 - INFO - Loading Lidar Json data for tile 917120
2024-02-16 15:16:42,169 - INFO - 917120, 139, 294, 0.47278911564625853
2024-02-16 15:16:42,169 - INFO - Loading Lidar Json data for tile 45185
2024-02-16 15:16:54,921 - INFO - 45185, 243, 364, 0.6675824175824175
2024-02-16 15:16:54,922 - INFO - Loading Lidar Json data for tile 32147
2024-02-16 15:16:54,922 - ERROR - Json directory does not exist for tile 32147
2024-02-16 15:16:55,136 - INFO - Loading Lidar Json data for tile 45187
2024-02-16 15:17:12,270 - INFO - 45187, 402, 581, 0.6919104991394148
2024-02-16 15:17:12,270 - INFO - Loading Lidar Json data for tile 990175
2024-02-16 15:17:28,659 - INFO - 990175, 608, 808, 0.7524752475247525
2024-02-16 15:17:28,659 - INFO - Loading Lidar Json data for tile 45190
2024-02-16 15:17:42,901 - INFO - 45190, 502, 730, 0.6876712328767123
2024-02-16 15:17:42,901 - INFO - Loading Lidar Json data for tile 32150
2024-02-16 15:17:50,586 - INFO - 32150, 78, 203, 0.3842364532019704
2024-02-16 15:17:50,586 - INFO - Loading Lidar Json data for tile 45192
2024-02-16 15:18:06,434 - INFO - 45192, 500, 610, 0.819672131147541
2024-02-16 15:18:06,435 - INFO - Loading Lidar Json data for tile 917122
2024-02-16 15:18:32,167 - INFO - 917122, 294, 521, 0.564299424184261
2024-02-16 15:18:32,167 - INFO - Loading Lidar Json data for tile 45195
2024-02-16 15:18:40,343 - INFO - 45195, 159, 248, 0.6411290322580645
2024-02-16 15:18:40,343 - INFO - Loading Lidar Json data for tile 32152
2024-02-16 15:18:46,584 - INFO - 32152, 34, 57, 0.5964912280701754
2024-02-16 15:18:46,584 - INFO - Loading Lidar Json data for tile 45197
2024-02-16 15:18:58,456 - INFO - 45197, 467, 707, 0.6605374823196606
2024-02-16 15:18:58,456 - INFO - Loading Lidar Json data for tile 5152
2024-02-16 15:19:14,086 - INFO - 5152, 59, 70, 0.8428571428571429
2024-02-16 15:19:14,086 - INFO - Loading Lidar Json data for tile 45200
2024-02-16 15:19:31,055 - INFO - 45200, 361, 512, 0.705078125
2024-02-16 15:19:31,055 - INFO - Loading Lidar Json data for tile 32155
2024-02-16 15:19:38,366 - INFO - 32155, 12, 17, 0.7058823529411765
2024-02-16 15:19:38,366 - INFO - Loading Lidar Json data for tile 45202
2024-02-16 15:20:01,067 - INFO - 45202, 338, 551, 0.6134301270417423
2024-02-16 15:20:01,067 - INFO - Loading Lidar Json data for tile 917125
2024-02-16 15:20:21,849 - INFO - 917125, 303, 728, 0.41620879120879123
2024-02-16 15:20:21,849 - INFO - Loading Lidar Json data for tile 45205
2024-02-16 15:20:34,856 - INFO - 45205, 682, 957, 0.7126436781609196
2024-02-16 15:20:34,856 - INFO - Loading Lidar Json data for tile 32157
2024-02-16 15:20:44,813 - INFO - 32157, 99, 147, 0.673469387755102
2024-02-16 15:20:44,813 - INFO - Loading Lidar Json data for tile 45207
2024-02-16 15:21:08,110 - INFO - 45207, 315, 418, 0.7535885167464115
2024-02-16 15:21:08,111 - INFO - Loading Lidar Json data for tile 990177
2024-02-16 15:21:32,620 - INFO - 990177, 369, 702, 0.5256410256410257
2024-02-16 15:21:32,621 - INFO - Loading Lidar Json data for tile 45210
2024-02-16 15:21:49,474 - INFO - 45210, 625, 872, 0.716743119266055
2024-02-16 15:21:49,475 - INFO - Loading Lidar Json data for tile 32160
2024-02-16 15:22:11,750 - INFO - 32160, 67, 112, 0.5982142857142857
2024-02-16 15:22:11,751 - INFO - Loading Lidar Json data for tile 45212
2024-02-16 15:22:29,361 - INFO - 45212, 642, 851, 0.754406580493537
2024-02-16 15:22:29,361 - INFO - Loading Lidar Json data for tile 917127
2024-02-16 15:22:45,246 - INFO - 917127, 173, 337, 0.5133531157270029
2024-02-16 15:22:45,246 - INFO - Loading Lidar Json data for tile 45215
2024-02-16 15:23:01,153 - INFO - 45215, 735, 990, 0.7424242424242424
2024-02-16 15:23:01,153 - INFO - Loading Lidar Json data for tile 32162
2024-02-16 15:23:15,935 - INFO - 32162, 73, 87, 0.8390804597701149
2024-02-16 15:23:15,935 - INFO - Loading Lidar Json data for tile 45217
2024-02-16 15:23:33,706 - INFO - 45217, 779, 1011, 0.7705242334322453
2024-02-16 15:23:33,707 - INFO - Loading Lidar Json data for tile 32207
2024-02-16 15:23:44,104 - INFO - 32207, 434, 635, 0.6834645669291338
2024-02-16 15:23:44,104 - INFO - Loading Lidar Json data for tile 45220
2024-02-16 15:23:59,737 - INFO - 45220, 571, 734, 0.7779291553133515
2024-02-16 15:23:59,738 - INFO - Loading Lidar Json data for tile 32165
2024-02-16 15:24:15,701 - INFO - 32165, 39, 53, 0.7358490566037735
2024-02-16 15:24:15,701 - INFO - Loading Lidar Json data for tile 45222
2024-02-16 15:24:27,511 - INFO - 45222, 248, 295, 0.8406779661016949
2024-02-16 15:24:27,511 - INFO - Loading Lidar Json data for tile 917130
2024-02-16 15:24:46,719 - INFO - 917130, 198, 276, 0.717391304347826
2024-02-16 15:24:46,720 - INFO - Loading Lidar Json data for tile 45225
2024-02-16 15:25:02,175 - INFO - 45225, 162, 190, 0.8526315789473684
2024-02-16 15:25:02,175 - INFO - Loading Lidar Json data for tile 32167
2024-02-16 15:25:15,890 - INFO - 32167, 0, 0, 0
2024-02-16 15:25:15,890 - INFO - Loading Lidar Json data for tile 45227
2024-02-16 15:25:26,546 - INFO - 45227, 0, 0, 0
2024-02-16 15:25:26,546 - INFO - Loading Lidar Json data for tile 990180
2024-02-16 15:25:53,711 - INFO - 990180, 260, 432, 0.6018518518518519
2024-02-16 15:25:53,712 - INFO - Loading Lidar Json data for tile 45230
2024-02-16 15:25:53,712 - ERROR - Json directory does not exist for tile 45230
2024-02-16 15:25:54,392 - INFO - Loading Lidar Json data for tile 32170
2024-02-16 15:25:54,392 - ERROR - Json directory does not exist for tile 32170
2024-02-16 15:25:54,393 - INFO - Loading Lidar Json data for tile 45232
2024-02-16 15:25:54,393 - ERROR - Json directory does not exist for tile 45232
2024-02-16 15:25:54,393 - INFO - Loading Lidar Json data for tile 917132
2024-02-16 15:26:16,167 - INFO - 917132, 67, 113, 0.5929203539823009
2024-02-16 15:26:16,168 - INFO - Loading Lidar Json data for tile 45235
2024-02-16 15:26:16,168 - ERROR - Json directory does not exist for tile 45235
2024-02-16 15:26:16,590 - INFO - Loading Lidar Json data for tile 32172
2024-02-16 15:26:21,376 - INFO - 32172, 0, 0, 0
2024-02-16 15:26:21,376 - INFO - Loading Lidar Json data for tile 45237
2024-02-16 15:26:21,376 - ERROR - Json directory does not exist for tile 45237
2024-02-16 15:26:21,451 - INFO - Loading Lidar Json data for tile 5155
2024-02-16 15:26:36,648 - INFO - 5155, 4, 7, 0.5714285714285714
2024-02-16 15:26:36,648 - INFO - Loading Lidar Json data for tile 45240
2024-02-16 15:26:36,649 - ERROR - Json directory does not exist for tile 45240
2024-02-16 15:26:36,921 - INFO - Loading Lidar Json data for tile 32175
2024-02-16 15:26:42,164 - INFO - 32175, 0, 0, 0
2024-02-16 15:26:42,164 - INFO - Loading Lidar Json data for tile 45242
2024-02-16 15:26:42,164 - ERROR - Json directory does not exist for tile 45242
2024-02-16 15:26:42,239 - INFO - Loading Lidar Json data for tile 917135
2024-02-16 15:27:31,392 - INFO - 917135, 40, 49, 0.8163265306122449
2024-02-16 15:27:31,393 - INFO - Loading Lidar Json data for tile 45245
2024-02-16 15:27:31,393 - ERROR - Json directory does not exist for tile 45245
2024-02-16 15:27:33,147 - INFO - Loading Lidar Json data for tile 32177
2024-02-16 15:27:38,713 - INFO - 32177, 0, 0, 0
2024-02-16 15:27:38,714 - INFO - Loading Lidar Json data for tile 45247
2024-02-16 15:27:43,110 - INFO - 45247, 0, 0, 0
2024-02-16 15:27:43,110 - INFO - Loading Lidar Json data for tile 990182
2024-02-16 15:28:01,745 - INFO - 990182, 737, 1179, 0.6251060220525869
2024-02-16 15:28:01,745 - INFO - Loading Lidar Json data for tile 45250
2024-02-16 15:28:06,820 - INFO - 45250, 0, 0, 0
2024-02-16 15:28:06,820 - INFO - Loading Lidar Json data for tile 32180
2024-02-16 15:28:17,370 - INFO - 32180, 232, 380, 0.6105263157894737
2024-02-16 15:28:17,370 - INFO - Loading Lidar Json data for tile 45252
2024-02-16 15:28:21,741 - INFO - 45252, 0, 0, 0
2024-02-16 15:28:21,741 - INFO - Loading Lidar Json data for tile 917137
2024-02-16 15:28:47,034 - INFO - 917137, 0, 0, 0
2024-02-16 15:28:47,034 - INFO - Loading Lidar Json data for tile 45255
2024-02-16 15:28:47,035 - ERROR - Json directory does not exist for tile 45255
2024-02-16 15:28:47,422 - INFO - Loading Lidar Json data for tile 32182
2024-02-16 15:29:03,711 - INFO - 32182, 775, 1136, 0.6822183098591549
2024-02-16 15:29:03,711 - INFO - Loading Lidar Json data for tile 45257
2024-02-16 15:29:03,712 - ERROR - Json directory does not exist for tile 45257
2024-02-16 15:29:03,925 - INFO - Loading Lidar Json data for tile 45260
2024-02-16 15:29:03,925 - ERROR - Json directory does not exist for tile 45260
2024-02-16 15:29:03,925 - INFO - Loading Lidar Json data for tile 32185
2024-02-16 15:29:19,685 - INFO - 32185, 560, 725, 0.7724137931034483
2024-02-16 15:29:19,685 - INFO - Loading Lidar Json data for tile 47150
2024-02-16 15:29:19,686 - ERROR - Json directory does not exist for tile 47150
2024-02-16 15:29:19,898 - INFO - Loading Lidar Json data for tile 917140
2024-02-16 15:29:35,845 - INFO - 917140, 0, 0, 0
2024-02-16 15:29:35,845 - INFO - Loading Lidar Json data for tile 47152
2024-02-16 15:29:35,845 - ERROR - Json directory does not exist for tile 47152
2024-02-16 15:29:36,054 - INFO - Loading Lidar Json data for tile 32187
2024-02-16 15:29:49,658 - INFO - 32187, 437, 554, 0.7888086642599278
2024-02-16 15:29:49,658 - INFO - Loading Lidar Json data for tile 47155
2024-02-16 15:30:00,755 - INFO - 47155, 169, 284, 0.5950704225352113
2024-02-16 15:30:00,755 - INFO - Loading Lidar Json data for tile 990185
2024-02-16 15:30:21,253 - INFO - 990185, 922, 1172, 0.7866894197952219
2024-02-16 15:30:21,253 - INFO - Loading Lidar Json data for tile 47157
2024-02-16 15:30:34,713 - INFO - 47157, 335, 539, 0.62152133580705
2024-02-16 15:30:34,713 - INFO - Loading Lidar Json data for tile 32190
2024-02-16 15:30:43,498 - INFO - 32190, 420, 641, 0.6552262090483619
2024-02-16 15:30:43,498 - INFO - Loading Lidar Json data for tile 47160
2024-02-16 15:30:57,736 - INFO - 47160, 436, 602, 0.7242524916943521
2024-02-16 15:30:57,736 - INFO - Loading Lidar Json data for tile 917142
2024-02-16 15:30:57,737 - ERROR - Json directory does not exist for tile 917142
2024-02-16 15:30:57,941 - INFO - Loading Lidar Json data for tile 47162
2024-02-16 15:31:10,949 - INFO - 47162, 45, 58, 0.7758620689655172
2024-02-16 15:31:10,949 - INFO - Loading Lidar Json data for tile 32192
2024-02-16 15:31:19,982 - INFO - 32192, 280, 371, 0.7547169811320755
2024-02-16 15:31:19,982 - INFO - Loading Lidar Json data for tile 47165
2024-02-16 15:31:19,982 - ERROR - Json directory does not exist for tile 47165
2024-02-16 15:31:20,076 - INFO - Loading Lidar Json data for tile 5157
2024-02-16 15:31:29,950 - INFO - 5157, 15, 17, 0.8823529411764706
2024-02-16 15:31:29,950 - INFO - Loading Lidar Json data for tile 47167
2024-02-16 15:31:29,950 - ERROR - Json directory does not exist for tile 47167
2024-02-16 15:31:30,057 - INFO - Loading Lidar Json data for tile 32195
2024-02-16 15:31:46,602 - INFO - 32195, 365, 492, 0.741869918699187
2024-02-16 15:31:46,602 - INFO - Loading Lidar Json data for tile 47170
2024-02-16 15:31:46,603 - ERROR - Json directory does not exist for tile 47170
2024-02-16 15:31:46,832 - INFO - Loading Lidar Json data for tile 920117
2024-02-16 15:31:46,833 - ERROR - Json directory does not exist for tile 920117
2024-02-16 15:31:46,833 - INFO - Loading Lidar Json data for tile 47172
2024-02-16 15:31:46,833 - ERROR - Json directory does not exist for tile 47172
2024-02-16 15:31:46,833 - INFO - Loading Lidar Json data for tile 32197
2024-02-16 15:32:51,880 - INFO - 32197, 544, 631, 0.8621236133122029
2024-02-16 15:32:51,881 - INFO - Loading Lidar Json data for tile 47175
2024-02-16 15:32:51,881 - ERROR - Json directory does not exist for tile 47175
2024-02-16 15:32:55,265 - INFO - Loading Lidar Json data for tile 990187
2024-02-16 15:33:04,660 - ERROR - Error reading 990187_2017_ID_2_TreeCluster.json for tile 990187: Expecting value: line 1 column 1118209 (char 1118208)
2024-02-16 15:33:18,801 - INFO - 990187, 694, 892, 0.7780269058295964
2024-02-16 15:33:18,801 - INFO - Loading Lidar Json data for tile 47177
2024-02-16 15:33:24,852 - INFO - 47177, 72, 97, 0.7422680412371134
2024-02-16 15:33:24,853 - INFO - Loading Lidar Json data for tile 32210
2024-02-16 15:33:39,564 - INFO - 32210, 493, 714, 0.6904761904761905
2024-02-16 15:33:39,564 - INFO - Loading Lidar Json data for tile 47180
2024-02-16 15:33:53,013 - INFO - 47180, 639, 1015, 0.6295566502463055
2024-02-16 15:33:53,013 - INFO - Loading Lidar Json data for tile 920120
2024-02-16 15:33:58,083 - INFO - 920120, 0, 0, 0
2024-02-16 15:33:58,083 - INFO - Loading Lidar Json data for tile 47182
2024-02-16 15:34:13,772 - INFO - 47182, 702, 1030, 0.6815533980582524
2024-02-16 15:34:13,772 - INFO - Loading Lidar Json data for tile 47185
2024-02-16 15:34:32,012 - INFO - 47185, 362, 583, 0.6209262435677531
2024-02-16 15:34:32,012 - INFO - Loading Lidar Json data for tile 32212
2024-02-16 15:34:44,658 - INFO - 32212, 452, 598, 0.7558528428093646
2024-02-16 15:34:44,659 - INFO - Loading Lidar Json data for tile 47187
2024-02-16 15:34:55,438 - INFO - 47187, 336, 428, 0.7850467289719626
2024-02-16 15:34:55,438 - INFO - Loading Lidar Json data for tile 47190
2024-02-16 15:35:08,290 - INFO - 47190, 307, 397, 0.7732997481108312
2024-02-16 15:35:08,290 - INFO - Loading Lidar Json data for tile 920122
2024-02-16 15:35:38,285 - INFO - 920122, 129, 250, 0.516
2024-02-16 15:35:38,285 - INFO - Loading Lidar Json data for tile 47192
2024-02-16 15:36:01,258 - INFO - 47192, 531, 666, 0.7972972972972973
2024-02-16 15:36:01,259 - INFO - Loading Lidar Json data for tile 32215
2024-02-16 15:36:12,090 - INFO - 32215, 520, 706, 0.7365439093484419
2024-02-16 15:36:12,090 - INFO - Loading Lidar Json data for tile 47195
2024-02-16 15:36:24,633 - INFO - 47195, 538, 684, 0.7865497076023392
2024-02-16 15:36:24,633 - INFO - Loading Lidar Json data for tile 990190
2024-02-16 15:36:39,037 - ERROR - Error reading 990190_2017_ID_1_TreeCluster.json for tile 990190: Expecting ',' delimiter: line 1 column 262145 (char 262144)
2024-02-16 15:37:01,362 - INFO - 990190, 535, 880, 0.6079545454545454
2024-02-16 15:37:01,362 - INFO - Loading Lidar Json data for tile 47197
2024-02-16 15:37:11,358 - INFO - 47197, 427, 535, 0.7981308411214953
2024-02-16 15:37:11,358 - INFO - Loading Lidar Json data for tile 47200
2024-02-16 15:37:29,244 - INFO - 47200, 353, 423, 0.83451536643026
2024-02-16 15:37:29,244 - INFO - Loading Lidar Json data for tile 920125
2024-02-16 15:38:16,054 - INFO - 920125, 52, 101, 0.5148514851485149
2024-02-16 15:38:16,055 - INFO - Loading Lidar Json data for tile 47202
2024-02-16 15:38:56,687 - INFO - 47202, 119, 157, 0.7579617834394905
2024-02-16 15:38:56,687 - INFO - Loading Lidar Json data for tile 32217
2024-02-16 15:39:14,741 - INFO - 32217, 514, 693, 0.7417027417027418
2024-02-16 15:39:14,742 - INFO - Loading Lidar Json data for tile 47205
2024-02-16 15:39:47,670 - INFO - 47205, 89, 114, 0.7807017543859649
2024-02-16 15:39:47,672 - INFO - Loading Lidar Json data for tile 5160
2024-02-16 15:40:03,980 - INFO - 5160, 264, 420, 0.6285714285714286
2024-02-16 15:40:03,981 - INFO - Loading Lidar Json data for tile 47207
2024-02-16 15:40:29,448 - INFO - 47207, 160, 243, 0.6584362139917695
2024-02-16 15:40:29,449 - INFO - Loading Lidar Json data for tile 47210
2024-02-16 15:40:52,252 - INFO - 47210, 462, 688, 0.6715116279069767
2024-02-16 15:40:52,253 - INFO - Loading Lidar Json data for tile 920127
2024-02-16 15:41:36,529 - INFO - 920127, 54, 97, 0.5567010309278351
2024-02-16 15:41:36,529 - INFO - Loading Lidar Json data for tile 47212
2024-02-16 15:41:55,560 - INFO - 47212, 568, 748, 0.7593582887700535
2024-02-16 15:41:55,560 - INFO - Loading Lidar Json data for tile 32220
2024-02-16 15:42:07,591 - INFO - 32220, 639, 875, 0.7302857142857143
2024-02-16 15:42:07,591 - INFO - Loading Lidar Json data for tile 47215
2024-02-16 15:42:20,429 - INFO - 47215, 748, 1071, 0.6984126984126984
2024-02-16 15:42:20,429 - INFO - Loading Lidar Json data for tile 990192
2024-02-16 15:42:26,923 - ERROR - Error reading 990192_2017_ID_2_TreeCluster.json for tile 990192: Expecting ',' delimiter: line 1 column 2625537 (char 2625536)
2024-02-16 15:42:37,758 - INFO - 990192, 220, 256, 0.859375
2024-02-16 15:42:37,758 - INFO - Loading Lidar Json data for tile 47217
2024-02-16 15:42:53,221 - INFO - 47217, 632, 843, 0.7497034400948992
2024-02-16 15:42:53,221 - INFO - Loading Lidar Json data for tile 47219
2024-02-16 15:42:53,221 - ERROR - Json directory does not exist for tile 47219
2024-02-16 15:42:53,472 - INFO - Loading Lidar Json data for tile 920130
2024-02-16 15:43:12,588 - INFO - 920130, 179, 326, 0.549079754601227
2024-02-16 15:43:12,588 - INFO - Loading Lidar Json data for tile 47220
2024-02-16 15:43:33,990 - INFO - 47220, 103, 111, 0.9279279279279279
2024-02-16 15:43:33,990 - INFO - Loading Lidar Json data for tile 32222
2024-02-16 15:43:45,616 - INFO - 32222, 514, 681, 0.7547723935389133
2024-02-16 15:43:45,617 - INFO - Loading Lidar Json data for tile 47222
2024-02-16 15:43:53,274 - INFO - 47222, 5, 4, 1.25
2024-02-16 15:43:53,274 - INFO - Loading Lidar Json data for tile 47225
2024-02-16 15:43:53,274 - ERROR - Json directory does not exist for tile 47225
2024-02-16 15:43:53,358 - INFO - Loading Lidar Json data for tile 32225
2024-02-16 15:44:10,593 - INFO - 32225, 392, 705, 0.5560283687943263
2024-02-16 15:44:10,593 - INFO - Loading Lidar Json data for tile 47227
2024-02-16 15:44:10,594 - ERROR - Json directory does not exist for tile 47227
2024-02-16 15:44:10,860 - INFO - Loading Lidar Json data for tile 920132
2024-02-16 15:44:39,759 - INFO - 920132, 44, 111, 0.3963963963963964
2024-02-16 15:44:39,759 - INFO - Loading Lidar Json data for tile 47230
2024-02-16 15:44:39,759 - ERROR - Json directory does not exist for tile 47230
2024-02-16 15:44:40,238 - INFO - Loading Lidar Json data for tile 47232
2024-02-16 15:44:40,238 - ERROR - Json directory does not exist for tile 47232
2024-02-16 15:44:40,238 - INFO - Loading Lidar Json data for tile 990195
2024-02-16 15:44:40,694 - ERROR - Error reading 990195_2017_ID_10_TreeCluster.json for tile 990195: Expecting ',' delimiter: line 1 column 4284417 (char 4284416)
2024-02-16 15:44:46,942 - INFO - 990195, 0, 0, 0
2024-02-16 15:44:46,942 - INFO - Loading Lidar Json data for tile 47242
2024-02-16 15:44:46,942 - ERROR - Json directory does not exist for tile 47242
2024-02-16 15:44:47,074 - INFO - Loading Lidar Json data for tile 32227
2024-02-16 15:45:09,108 - INFO - 32227, 643, 909, 0.7073707370737073
2024-02-16 15:45:09,108 - INFO - Loading Lidar Json data for tile 47245
2024-02-16 15:45:13,790 - INFO - 47245, 0, 0, 0
2024-02-16 15:45:13,790 - INFO - Loading Lidar Json data for tile 920135
2024-02-16 15:45:46,917 - INFO - 920135, 43, 82, 0.524390243902439
2024-02-16 15:45:46,918 - INFO - Loading Lidar Json data for tile 47247
2024-02-16 15:45:53,084 - INFO - 47247, 0, 0, 0
2024-02-16 15:45:53,084 - INFO - Loading Lidar Json data for tile 47250
2024-02-16 15:45:53,084 - ERROR - Json directory does not exist for tile 47250
2024-02-16 15:45:53,139 - INFO - Loading Lidar Json data for tile 5162
2024-02-16 15:46:14,461 - INFO - 5162, 558, 714, 0.7815126050420168
2024-02-16 15:46:14,461 - INFO - Loading Lidar Json data for tile 47252
2024-02-16 15:46:18,919 - INFO - 47252, 0, 0, 0
2024-02-16 15:46:18,919 - INFO - Loading Lidar Json data for tile 32230
2024-02-16 15:46:31,220 - INFO - 32230, 64, 81, 0.7901234567901234
2024-02-16 15:46:31,220 - INFO - Loading Lidar Json data for tile 47255
2024-02-16 15:46:31,220 - ERROR - Json directory does not exist for tile 47255
2024-02-16 15:46:31,344 - INFO - Loading Lidar Json data for tile 920137
2024-02-16 15:46:59,163 - INFO - 920137, 66, 71, 0.9295774647887324
2024-02-16 15:46:59,163 - INFO - Loading Lidar Json data for tile 47257
2024-02-16 15:46:59,163 - ERROR - Json directory does not exist for tile 47257
2024-02-16 15:46:59,614 - INFO - Loading Lidar Json data for tile 990197
2024-02-16 15:46:59,614 - ERROR - Json directory does not exist for tile 990197
2024-02-16 15:46:59,614 - INFO - Loading Lidar Json data for tile 920140
2024-02-16 15:47:16,785 - INFO - 920140, 0, 0, 0
2024-02-16 15:47:16,785 - INFO - Loading Lidar Json data for tile 920142
2024-02-16 15:47:16,785 - ERROR - Json directory does not exist for tile 920142
2024-02-16 15:47:17,077 - INFO - Loading Lidar Json data for tile 990200
2024-02-16 15:47:24,367 - ERROR - Error reading 990200_2017_ID_2_TreeCluster.json for tile 990200: Expecting ',' delimiter: line 1 column 307200 (char 307199)
2024-02-16 15:47:51,449 - INFO - 990200, 116, 162, 0.7160493827160493
2024-02-16 15:47:51,449 - INFO - Loading Lidar Json data for tile 922120
2024-02-16 15:47:51,449 - ERROR - Json directory does not exist for tile 922120
2024-02-16 15:47:52,112 - INFO - Loading Lidar Json data for tile 5165
2024-02-16 15:48:08,603 - INFO - 5165, 538, 705, 0.7631205673758865
2024-02-16 15:48:08,603 - INFO - Loading Lidar Json data for tile 922122
2024-02-16 15:48:23,727 - INFO - 922122, 0, 0, 0
2024-02-16 15:48:23,727 - INFO - Loading Lidar Json data for tile 990202
2024-02-16 15:48:44,674 - ERROR - Error reading 990202_2017_ID_4_TreeCluster.json for tile 990202: Expecting ',' delimiter: line 1 column 2166785 (char 2166784)
2024-02-16 15:49:01,581 - INFO - 990202, 497, 627, 0.7926634768740032
2024-02-16 15:49:01,581 - INFO - Loading Lidar Json data for tile 922125
2024-02-16 15:49:30,686 - INFO - 922125, 0, 0, 0
2024-02-16 15:49:30,686 - INFO - Loading Lidar Json data for tile 32232
2024-02-16 15:49:30,686 - ERROR - Json directory does not exist for tile 32232
2024-02-16 15:49:31,232 - INFO - Loading Lidar Json data for tile 922127
2024-02-16 15:49:51,601 - INFO - 922127, 117, 210, 0.5571428571428572
2024-02-16 15:49:51,601 - INFO - Loading Lidar Json data for tile 990205
2024-02-16 15:50:10,132 - ERROR - Error reading 990205_2017_ID_1_TreeCluster.json for tile 990205: Expecting ',' delimiter: line 1 column 217089 (char 217088)
2024-02-16 15:50:49,574 - INFO - 990205, 237, 295, 0.8033898305084746
2024-02-16 15:50:49,575 - INFO - Loading Lidar Json data for tile 922130
2024-02-16 15:51:03,174 - INFO - 922130, 364, 724, 0.5027624309392266
2024-02-16 15:51:03,174 - INFO - Loading Lidar Json data for tile 5167
2024-02-16 15:51:21,863 - INFO - 5167, 534, 730, 0.7315068493150685
2024-02-16 15:51:21,863 - INFO - Loading Lidar Json data for tile 922132
2024-02-16 15:51:55,612 - INFO - 922132, 196, 321, 0.6105919003115264
2024-02-16 15:51:55,612 - INFO - Loading Lidar Json data for tile 990207
2024-02-16 15:51:57,293 - ERROR - Error reading 990207_2017_ID_2_TreeCluster.json for tile 990207: Expecting ',' delimiter: line 1 column 888833 (char 888832)
2024-02-16 15:52:26,700 - INFO - 990207, 237, 358, 0.6620111731843575
2024-02-16 15:52:26,701 - INFO - Loading Lidar Json data for tile 922135
2024-02-16 15:52:41,398 - INFO - 922135, 404, 912, 0.44298245614035087
2024-02-16 15:52:41,399 - INFO - Loading Lidar Json data for tile 922137
